[2019-11-15T17:19:04.544] [DEBUG] cheese - login => username:1,password:1
[2019-11-15T17:19:04.547] [DEBUG] cheese - 1
[2019-11-15T17:19:04.587] [DEBUG] cheese - null
[2019-11-15T17:19:04.588] [DEBUG] cheese - null
[2019-11-15T17:19:15.271] [DEBUG] cheese - login => username:admin,password:123456
[2019-11-15T17:19:15.272] [DEBUG] cheese - admin
[2019-11-15T17:19:15.281] [DEBUG] cheese - null
[2019-11-15T17:19:15.281] [DEBUG] cheese - null
[2019-11-16T18:14:25.541] [DEBUG] cheese - login => username:admin,password:123456
[2019-11-16T18:14:25.544] [DEBUG] cheese - admin
[2019-11-16T18:14:25.577] [DEBUG] cheese - null
[2019-11-16T18:14:25.577] [DEBUG] cheese - null
[2019-11-17T20:08:08.181] [DEBUG] cheese - login => username:111,password:111
[2019-11-17T20:08:08.183] [DEBUG] cheese - 111
[2019-11-17T20:08:08.233] [DEBUG] cheese - null
[2019-11-17T20:08:08.233] [DEBUG] cheese - null
[2019-11-17T20:09:06.615] [DEBUG] cheese - login => username:123,password:123
[2019-11-17T20:09:06.617] [DEBUG] cheese - 123
[2019-11-17T20:09:06.622] [DEBUG] cheese - null
[2019-11-17T20:09:06.622] [DEBUG] cheese - null
[2019-11-17T20:09:19.826] [DEBUG] cheese - login => username:admin,password:123456
[2019-11-17T20:09:19.826] [DEBUG] cheese - admin
[2019-11-17T20:09:19.836] [DEBUG] cheese - null
[2019-11-17T20:09:19.836] [DEBUG] cheese - null
[2019-11-17T20:09:33.171] [DEBUG] cheese - login => username:admin,password:123456
[2019-11-17T20:09:33.172] [DEBUG] cheese - admin
[2019-11-17T20:09:33.175] [DEBUG] cheese - null
[2019-11-17T20:09:33.175] [DEBUG] cheese - null
[2019-11-17T20:11:15.847] [DEBUG] cheese - login => username:123,password:12345
[2019-11-17T20:11:15.847] [DEBUG] cheese - 123
[2019-11-17T20:11:15.852] [DEBUG] cheese - null
[2019-11-17T20:11:15.852] [DEBUG] cheese - null
[2019-11-17T20:11:27.502] [DEBUG] cheese - login => username:admin,password:123456
[2019-11-17T20:11:27.503] [DEBUG] cheese - admin
[2019-11-17T20:11:27.506] [DEBUG] cheese - null
[2019-11-17T20:11:27.506] [DEBUG] cheese - null
[2019-11-17T20:12:32.295] [DEBUG] cheese - login => username:133,password:123
[2019-11-17T20:12:32.295] [DEBUG] cheese - 133
[2019-11-17T20:12:32.298] [DEBUG] cheese - null
[2019-11-17T20:12:32.298] [DEBUG] cheese - null
[2019-11-17T20:13:27.982] [DEBUG] cheese - login => username:12345,password:132456
[2019-11-17T20:13:27.983] [DEBUG] cheese - 12345
[2019-11-17T20:13:27.986] [DEBUG] cheese - null
[2019-11-17T20:13:27.986] [DEBUG] cheese - null
[2019-11-17T20:13:42.608] [DEBUG] cheese - login => username:admin,password:123456
[2019-11-17T20:13:42.608] [DEBUG] cheese - admin
[2019-11-17T20:13:42.610] [DEBUG] cheese - null
[2019-11-17T20:13:42.610] [DEBUG] cheese - null
[2019-11-17T20:16:27.170] [DEBUG] cheese - login => username:123465,password:123456
[2019-11-17T20:16:27.171] [DEBUG] cheese - 123465
[2019-11-17T20:16:27.174] [DEBUG] cheese - null
[2019-11-17T20:16:27.174] [DEBUG] cheese - null
[2019-11-17T20:16:35.399] [DEBUG] cheese - login => username:admin,password:123456
[2019-11-17T20:16:35.399] [DEBUG] cheese - admin
[2019-11-17T20:16:35.405] [DEBUG] cheese - null
[2019-11-17T20:16:35.405] [DEBUG] cheese - null
[2019-11-17T20:47:30.230] [DEBUG] cheese - login => username:123,password:132
[2019-11-17T20:47:30.230] [DEBUG] cheese - 123
[2019-11-17T20:47:30.234] [DEBUG] cheese - null
[2019-11-17T20:47:30.234] [DEBUG] cheese - null
[2019-11-17T20:47:39.129] [DEBUG] cheese - login => username:admin,password:123456
[2019-11-17T20:47:39.130] [DEBUG] cheese - admin
[2019-11-17T20:47:39.135] [DEBUG] cheese - null
[2019-11-17T20:47:39.135] [DEBUG] cheese - null
[2019-11-17T21:17:49.593] [DEBUG] cheese - login => username:123456,password:123456
[2019-11-17T21:17:49.593] [DEBUG] cheese - 123456
[2019-11-17T21:17:49.604] [DEBUG] cheese - null
[2019-11-17T21:17:49.604] [DEBUG] cheese - null
[2019-11-17T21:17:57.007] [DEBUG] cheese - login => username:admin,password:123456
[2019-11-17T21:17:57.007] [DEBUG] cheese - admin
[2019-11-17T21:17:57.010] [DEBUG] cheese - null
[2019-11-17T21:17:57.010] [DEBUG] cheese - null
[2019-11-17T21:20:14.703] [DEBUG] cheese - login => username:admin,password:123456
[2019-11-17T21:20:14.703] [DEBUG] cheese - admin
[2019-11-17T21:20:14.706] [DEBUG] cheese - null
[2019-11-17T21:20:14.706] [DEBUG] cheese - null
[2019-11-17T21:56:13.520] [DEBUG] cheese - login => username:admin,password:123456
[2019-11-17T21:56:13.520] [DEBUG] cheese - admin
[2019-11-17T21:56:13.525] [DEBUG] cheese - null
[2019-11-17T21:56:13.525] [DEBUG] cheese - null
[2019-11-17T21:56:38.972] [DEBUG] cheese - login => username:admin,password:123456
[2019-11-17T21:56:38.972] [DEBUG] cheese - admin
[2019-11-17T21:56:38.976] [DEBUG] cheese - null
[2019-11-17T21:56:38.976] [DEBUG] cheese - null
[2019-11-17T22:01:00.850] [DEBUG] cheese - login => username:admin,password:123456
[2019-11-17T22:01:00.850] [DEBUG] cheese - admin
[2019-11-17T22:01:00.853] [DEBUG] cheese - null
[2019-11-17T22:01:00.853] [DEBUG] cheese - null
[2019-11-17T22:34:53.310] [DEBUG] cheese - login => username:admin,password:123456
[2019-11-17T22:34:53.310] [DEBUG] cheese - admin
[2019-11-17T22:34:53.319] [DEBUG] cheese - null
[2019-11-17T22:34:53.319] [DEBUG] cheese - null
[2019-11-17T22:35:01.280] [DEBUG] cheese - login => username:admin,password:123456
[2019-11-17T22:35:01.280] [DEBUG] cheese - admin
[2019-11-17T22:35:01.282] [DEBUG] cheese - null
[2019-11-17T22:35:01.282] [DEBUG] cheese - null
[2019-11-17T22:35:12.472] [DEBUG] cheese - login => username:admin,password:123456
[2019-11-17T22:35:12.474] [DEBUG] cheese - admin
[2019-11-17T22:35:12.476] [DEBUG] cheese - null
[2019-11-17T22:35:12.477] [DEBUG] cheese - null
[2019-11-17T22:46:28.948] [DEBUG] cheese - login => username:admin,password:123456
[2019-11-17T22:46:28.948] [DEBUG] cheese - admin
[2019-11-17T22:46:28.951] [DEBUG] cheese - null
[2019-11-17T22:46:28.951] [DEBUG] cheese - null
[2019-11-17T22:52:15.222] [DEBUG] cheese - login => username:admin,password:123456
[2019-11-17T22:52:15.222] [DEBUG] cheese - admin
[2019-11-17T22:52:15.224] [DEBUG] cheese - null
[2019-11-17T22:52:15.225] [DEBUG] cheese - null
[2019-11-18T10:16:24.534] [DEBUG] cheese - login => username:admin,password:123456
[2019-11-18T10:16:24.536] [DEBUG] cheese - admin
[2019-11-18T10:16:24.576] [DEBUG] cheese - null
[2019-11-18T10:16:24.576] [DEBUG] cheese - null
[2019-11-18T11:39:37.457] [DEBUG] cheese - login => username:admin,password:123456
[2019-11-18T11:39:37.458] [DEBUG] cheese - admin
[2019-11-18T11:39:37.470] [DEBUG] cheese - null
[2019-11-18T11:39:37.470] [DEBUG] cheese - null
[2019-11-18T11:41:15.227] [DEBUG] cheese - login => username:admin,password:123456
[2019-11-18T11:41:15.227] [DEBUG] cheese - admin
[2019-11-18T11:41:15.230] [DEBUG] cheese - null
[2019-11-18T11:41:15.230] [DEBUG] cheese - null
[2019-11-18T16:23:27.964] [DEBUG] cheese - login => username:admin,password:123456
[2019-11-18T16:23:27.965] [DEBUG] cheese - admin
[2019-11-18T16:23:27.971] [DEBUG] cheese - null
[2019-11-18T16:23:27.971] [DEBUG] cheese - null
[2019-11-18T16:23:33.225] [DEBUG] cheese - login => username:admin,password:12345
[2019-11-18T16:23:33.225] [DEBUG] cheese - admin
[2019-11-18T16:23:33.230] [DEBUG] cheese - null
[2019-11-18T16:23:33.230] [DEBUG] cheese - null
[2019-11-18T16:23:34.158] [DEBUG] cheese - login => username:admin,password:12345
[2019-11-18T16:23:34.158] [DEBUG] cheese - admin
[2019-11-18T16:23:34.161] [DEBUG] cheese - null
[2019-11-18T16:23:34.161] [DEBUG] cheese - null
[2019-11-18T16:23:39.786] [DEBUG] cheese - login => username:admin,password:12345
[2019-11-18T16:23:39.786] [DEBUG] cheese - admin
[2019-11-18T16:23:39.790] [DEBUG] cheese - null
[2019-11-18T16:23:39.790] [DEBUG] cheese - null
[2019-11-18T16:23:44.995] [DEBUG] cheese - login => username:admin,password:123456
[2019-11-18T16:23:44.995] [DEBUG] cheese - admin
[2019-11-18T16:23:44.998] [DEBUG] cheese - null
[2019-11-18T16:23:44.998] [DEBUG] cheese - null
[2019-11-18T17:12:13.524] [DEBUG] cheese - login => username:admin,password:123456
[2019-11-18T17:12:13.526] [DEBUG] cheese - admin
[2019-11-18T17:12:13.541] [DEBUG] cheese - null
[2019-11-18T17:12:13.541] [DEBUG] cheese - null
[2019-11-18T19:27:54.550] [DEBUG] cheese - login => username:admin,password:123456
[2019-11-18T19:27:54.551] [DEBUG] cheese - admin
[2019-11-18T19:27:54.562] [DEBUG] cheese - null
[2019-11-18T19:27:54.562] [DEBUG] cheese - null
[2019-11-18T19:28:36.998] [DEBUG] cheese - login => username:admin,password:123456
[2019-11-18T19:28:36.999] [DEBUG] cheese - admin
[2019-11-18T19:28:37.011] [DEBUG] cheese - null
[2019-11-18T19:28:37.011] [DEBUG] cheese - null
[2019-11-18T19:29:34.135] [DEBUG] cheese - login => username:admin,password:123456
[2019-11-18T19:29:34.135] [DEBUG] cheese - admin
[2019-11-18T19:29:34.138] [DEBUG] cheese - null
[2019-11-18T19:29:34.138] [DEBUG] cheese - null
[2019-11-18T19:35:05.285] [DEBUG] cheese - login => username:admin,password:123456
[2019-11-18T19:35:05.285] [DEBUG] cheese - admin
[2019-11-18T19:35:05.288] [DEBUG] cheese - null
[2019-11-18T19:35:05.288] [DEBUG] cheese - null
[2019-11-18T19:35:17.046] [DEBUG] cheese - login => username:admin,password:123456
[2019-11-18T19:35:17.047] [DEBUG] cheese - admin
[2019-11-18T19:35:17.049] [DEBUG] cheese - null
[2019-11-18T19:35:17.049] [DEBUG] cheese - null
[2019-11-18T19:35:22.111] [DEBUG] cheese - login => username:admin,password:123456
[2019-11-18T19:35:22.111] [DEBUG] cheese - admin
[2019-11-18T19:35:22.117] [DEBUG] cheese - null
[2019-11-18T19:35:22.117] [DEBUG] cheese - null
[2019-11-18T19:35:35.786] [DEBUG] cheese - login => username:admin,password:123456
[2019-11-18T19:35:35.787] [DEBUG] cheese - admin
[2019-11-18T19:35:35.790] [DEBUG] cheese - null
[2019-11-18T19:35:35.790] [DEBUG] cheese - null
[2019-11-18T19:36:42.869] [DEBUG] cheese - login => username:admin,password:123456
[2019-11-18T19:36:42.869] [DEBUG] cheese - admin
[2019-11-18T19:36:42.874] [DEBUG] cheese - null
[2019-11-18T19:36:42.874] [DEBUG] cheese - null
[2019-11-18T19:37:13.212] [DEBUG] cheese - login => username:admin,password:123456
[2019-11-18T19:37:13.212] [DEBUG] cheese - admin
[2019-11-18T19:37:13.217] [DEBUG] cheese - null
[2019-11-18T19:37:13.217] [DEBUG] cheese - null
[2019-11-18T19:37:19.342] [DEBUG] cheese - login => username:admin,password:123456
[2019-11-18T19:37:19.342] [DEBUG] cheese - admin
[2019-11-18T19:37:19.346] [DEBUG] cheese - null
[2019-11-18T19:37:19.346] [DEBUG] cheese - null
[2019-11-18T19:37:44.467] [DEBUG] cheese - login => username:admin,password:123456
[2019-11-18T19:37:44.467] [DEBUG] cheese - admin
[2019-11-18T19:37:44.469] [DEBUG] cheese - null
[2019-11-18T19:37:44.470] [DEBUG] cheese - null
[2019-11-18T20:02:35.236] [DEBUG] cheese - login => username:admin,password:123456
[2019-11-18T20:02:35.237] [DEBUG] cheese - admin
[2019-11-18T20:02:35.240] [DEBUG] cheese - null
[2019-11-18T20:02:35.240] [DEBUG] cheese - null
[2019-11-18T22:20:10.296] [DEBUG] cheese - login => username:admin,password:123456
[2019-11-18T22:20:10.298] [DEBUG] cheese - admin
[2019-11-18T22:20:10.306] [DEBUG] cheese - null
[2019-11-18T22:20:10.306] [DEBUG] cheese - null
[2019-11-18T22:20:12.505] [DEBUG] cheese - login => username:admin,password:123456
[2019-11-18T22:20:12.506] [DEBUG] cheese - admin
[2019-11-18T22:20:12.508] [DEBUG] cheese - null
[2019-11-18T22:20:12.508] [DEBUG] cheese - null
[2019-11-18T22:20:14.737] [DEBUG] cheese - login => username:admin,password:123456
[2019-11-18T22:20:14.738] [DEBUG] cheese - admin
[2019-11-18T22:20:14.741] [DEBUG] cheese - null
[2019-11-18T22:20:14.741] [DEBUG] cheese - null
[2019-11-18T22:20:17.284] [DEBUG] cheese - login => username:admin,password:123456
[2019-11-18T22:20:17.284] [DEBUG] cheese - admin
[2019-11-18T22:20:17.286] [DEBUG] cheese - null
[2019-11-18T22:20:17.286] [DEBUG] cheese - null
[2019-11-18T22:20:28.645] [DEBUG] cheese - login => username:admin,password:123456
[2019-11-18T22:20:28.645] [DEBUG] cheese - admin
[2019-11-18T22:20:28.649] [DEBUG] cheese - null
[2019-11-18T22:20:28.649] [DEBUG] cheese - null
[2019-11-19T09:01:39.935] [DEBUG] cheese - login => username:admin,password:123456
[2019-11-19T09:01:39.938] [DEBUG] cheese - admin
[2019-11-19T09:01:39.982] [DEBUG] cheese - null
[2019-11-19T09:01:39.982] [DEBUG] cheese - null
[2019-11-19T09:01:49.093] [DEBUG] cheese - login => username:admin,password:123456
[2019-11-19T09:01:49.093] [DEBUG] cheese - admin
[2019-11-19T09:01:49.097] [DEBUG] cheese - null
[2019-11-19T09:01:49.098] [DEBUG] cheese - null
[2019-11-19T09:14:42.481] [DEBUG] cheese - login => username:admin,password:123456
[2019-11-19T09:14:42.481] [DEBUG] cheese - admin
[2019-11-19T09:14:42.484] [DEBUG] cheese - null
[2019-11-19T09:14:42.484] [DEBUG] cheese - null
[2019-11-19T09:14:48.254] [DEBUG] cheese - login => username:admin,password:123456
[2019-11-19T09:14:48.254] [DEBUG] cheese - admin
[2019-11-19T09:14:48.256] [DEBUG] cheese - null
[2019-11-19T09:14:48.256] [DEBUG] cheese - null
[2019-11-19T10:57:50.974] [DEBUG] cheese - login => username:admin,password:123456
[2019-11-19T10:57:50.975] [DEBUG] cheese - admin
[2019-11-19T10:57:50.980] [DEBUG] cheese - null
[2019-11-19T10:57:50.981] [DEBUG] cheese - null
[2019-11-19T10:59:49.511] [DEBUG] cheese - login => username:admin,password:123456
[2019-11-19T10:59:49.512] [DEBUG] cheese - admin
[2019-11-19T10:59:49.515] [DEBUG] cheese - null
[2019-11-19T10:59:49.515] [DEBUG] cheese - null
[2019-11-19T11:00:25.728] [DEBUG] cheese - login => username:admin,password:123456
[2019-11-19T11:00:25.728] [DEBUG] cheese - admin
[2019-11-19T11:00:25.731] [DEBUG] cheese - null
[2019-11-19T11:00:25.731] [DEBUG] cheese - null
[2019-11-19T15:15:10.560] [DEBUG] cheese - login => username:admin,password:123456
[2019-11-19T15:15:10.563] [DEBUG] cheese - admin
[2019-11-19T15:15:10.573] [DEBUG] cheese - null
[2019-11-19T15:15:10.573] [DEBUG] cheese - null
[2019-11-19T19:05:51.988] [DEBUG] cheese - login => username:admin,password:123456
[2019-11-19T19:05:51.991] [DEBUG] cheese - admin
[2019-11-19T19:05:52.004] [DEBUG] cheese - null
[2019-11-19T19:05:52.004] [DEBUG] cheese - null
[2019-11-19T20:17:18.723] [DEBUG] cheese - login => username:admin,password:123456
[2019-11-19T20:17:18.724] [DEBUG] cheese - admin
[2019-11-19T20:17:18.729] [DEBUG] cheese - null
[2019-11-19T20:17:18.729] [DEBUG] cheese - null
[2019-11-19T21:37:45.325] [DEBUG] cheese - login => username:admin,password:123456
[2019-11-19T21:37:45.335] [DEBUG] cheese - admin
[2019-11-19T21:37:45.354] [DEBUG] cheese - null
[2019-11-19T21:37:45.355] [DEBUG] cheese - null
[2019-11-19T22:20:35.969] [DEBUG] cheese - login => username:admin,password:123456
[2019-11-19T22:20:35.970] [DEBUG] cheese - admin
[2019-11-19T22:20:35.976] [DEBUG] cheese - null
[2019-11-19T22:20:35.977] [DEBUG] cheese - null
[2019-11-20T09:04:38.965] [DEBUG] cheese - login => username:admin,password:123456
[2019-11-20T09:04:38.967] [DEBUG] cheese - admin
[2019-11-20T09:04:39.005] [DEBUG] cheese - null
[2019-11-20T09:04:39.005] [DEBUG] cheese - null
[2019-11-20T10:44:33.454] [DEBUG] cheese - login => username:admin,password:123456
[2019-11-20T10:44:33.455] [DEBUG] cheese - admin
[2019-11-20T10:44:33.467] [DEBUG] cheese - null
[2019-11-20T10:44:33.467] [DEBUG] cheese - null
[2019-11-20T10:46:43.773] [DEBUG] cheese - login => username:admin,password:123456
[2019-11-20T10:46:43.773] [DEBUG] cheese - admin
[2019-11-20T10:46:43.778] [DEBUG] cheese - null
[2019-11-20T10:46:43.778] [DEBUG] cheese - null
[2019-11-20T10:51:55.505] [DEBUG] cheese - login => username:admin,password:123456
[2019-11-20T10:51:55.505] [DEBUG] cheese - admin
[2019-11-20T10:51:55.508] [DEBUG] cheese - null
[2019-11-20T10:51:55.509] [DEBUG] cheese - null
[2019-11-20T11:09:36.083] [DEBUG] cheese - login => username:admin,password:123456
[2019-11-20T11:09:36.083] [DEBUG] cheese - admin
[2019-11-20T11:09:36.085] [DEBUG] cheese - null
[2019-11-20T11:09:36.085] [DEBUG] cheese - null
[2019-11-20T11:12:58.881] [DEBUG] cheese - login => username:admin,password:123456
[2019-11-20T11:12:58.881] [DEBUG] cheese - admin
[2019-11-20T11:12:58.884] [DEBUG] cheese - null
[2019-11-20T11:12:58.884] [DEBUG] cheese - null
[2019-11-20T11:27:52.052] [DEBUG] cheese - login => username:admin,password:123456
[2019-11-20T11:27:52.052] [DEBUG] cheese - admin
[2019-11-20T11:27:52.057] [DEBUG] cheese - null
[2019-11-20T11:27:52.057] [DEBUG] cheese - null
[2019-11-20T15:51:52.399] [DEBUG] cheese - login => username:admin,password:123456
[2019-11-20T15:51:52.401] [DEBUG] cheese - admin
[2019-11-20T15:51:52.427] [DEBUG] cheese - null
[2019-11-20T15:51:52.428] [DEBUG] cheese - null
[2019-11-21T09:51:54.072] [DEBUG] cheese - login => username:admin,password:123456
[2019-11-21T09:51:54.074] [DEBUG] cheese - admin
[2019-11-21T09:51:54.117] [DEBUG] cheese - null
[2019-11-21T09:51:54.118] [DEBUG] cheese - null
[2019-11-21T20:34:33.023] [DEBUG] cheese - login => username:admin,password:123456
[2019-11-21T20:34:33.025] [DEBUG] cheese - admin
[2019-11-21T20:34:33.091] [DEBUG] cheese - null
[2019-11-21T20:34:33.091] [DEBUG] cheese - null
[2019-11-21T21:27:13.916] [DEBUG] cheese - login => username:ZKY,password:123
[2019-11-21T21:27:13.917] [DEBUG] cheese - ZKY
[2019-11-21T21:27:13.921] [DEBUG] cheese - null
[2019-11-21T21:27:13.921] [DEBUG] cheese - null
[2019-11-21T21:27:15.406] [DEBUG] cheese - login => username:ZKY,password:123
[2019-11-21T21:27:15.407] [DEBUG] cheese - ZKY
[2019-11-21T21:27:15.411] [DEBUG] cheese - null
[2019-11-21T21:27:15.411] [DEBUG] cheese - null
[2019-11-21T21:27:16.210] [DEBUG] cheese - login => username:ZKY,password:123
[2019-11-21T21:27:16.210] [DEBUG] cheese - ZKY
[2019-11-21T21:27:16.213] [DEBUG] cheese - null
[2019-11-21T21:27:16.213] [DEBUG] cheese - null
[2019-11-21T21:27:16.833] [DEBUG] cheese - login => username:ZKY,password:123
[2019-11-21T21:27:16.833] [DEBUG] cheese - ZKY
[2019-11-21T21:27:16.836] [DEBUG] cheese - null
[2019-11-21T21:27:16.836] [DEBUG] cheese - null
[2019-11-21T21:27:17.412] [DEBUG] cheese - login => username:ZKY,password:123
[2019-11-21T21:27:17.412] [DEBUG] cheese - ZKY
[2019-11-21T21:27:17.415] [DEBUG] cheese - null
[2019-11-21T21:27:17.415] [DEBUG] cheese - null
[2019-11-21T21:27:17.916] [DEBUG] cheese - login => username:ZKY,password:123
[2019-11-21T21:27:17.916] [DEBUG] cheese - ZKY
[2019-11-21T21:27:17.918] [DEBUG] cheese - null
[2019-11-21T21:27:17.918] [DEBUG] cheese - null
[2019-11-21T21:27:18.369] [DEBUG] cheese - login => username:ZKY,password:123
[2019-11-21T21:27:18.369] [DEBUG] cheese - ZKY
[2019-11-21T21:27:18.372] [DEBUG] cheese - null
[2019-11-21T21:27:18.372] [DEBUG] cheese - null
[2019-11-21T21:27:18.891] [DEBUG] cheese - login => username:ZKY,password:123
[2019-11-21T21:27:18.891] [DEBUG] cheese - ZKY
[2019-11-21T21:27:18.893] [DEBUG] cheese - null
[2019-11-21T21:27:18.893] [DEBUG] cheese - null
[2019-11-21T21:27:19.294] [DEBUG] cheese - login => username:ZKY,password:123
[2019-11-21T21:27:19.294] [DEBUG] cheese - ZKY
[2019-11-21T21:27:19.297] [DEBUG] cheese - null
[2019-11-21T21:27:19.297] [DEBUG] cheese - null
[2019-11-21T21:27:19.473] [DEBUG] cheese - login => username:ZKY,password:123
[2019-11-21T21:27:19.473] [DEBUG] cheese - ZKY
[2019-11-21T21:27:19.476] [DEBUG] cheese - null
[2019-11-21T21:27:19.476] [DEBUG] cheese - null
[2019-11-21T21:27:20.281] [DEBUG] cheese - login => username:ZKY,password:123
[2019-11-21T21:27:20.281] [DEBUG] cheese - ZKY
[2019-11-21T21:27:20.283] [DEBUG] cheese - null
[2019-11-21T21:27:20.283] [DEBUG] cheese - null
[2019-11-21T21:27:21.734] [DEBUG] cheese - login => username:admin,password:123456
[2019-11-21T21:27:21.734] [DEBUG] cheese - admin
[2019-11-21T21:27:21.737] [DEBUG] cheese - null
[2019-11-21T21:27:21.737] [DEBUG] cheese - null
[2020-03-04T17:59:22.511] [DEBUG] cheese - login => username:admin,password:123456
[2020-03-04T17:59:22.514] [DEBUG] cheese - admin
[2020-03-04T17:59:24.526] [DEBUG] cheese - { inspect: [Function: inspect] }
[2020-03-04T17:59:24.529] [DEBUG] cheese - 查询失败
[2020-03-07T23:06:30.358] [DEBUG] cheese - login => username:admin,password:123456
[2020-03-07T23:06:30.984] [DEBUG] cheese - admin
[2020-03-07T23:06:31.004] [DEBUG] cheese - null
[2020-03-07T23:06:31.005] [DEBUG] cheese - null
[2020-03-07T23:08:29.376] [DEBUG] cheese - login => username:admin,password:123456
[2020-03-07T23:08:29.376] [DEBUG] cheese - admin
[2020-03-07T23:08:29.378] [DEBUG] cheese - null
[2020-03-07T23:08:29.378] [DEBUG] cheese - null
[2020-03-07T23:08:30.514] [DEBUG] cheese - login => username:admin,password:123456
[2020-03-07T23:08:30.515] [DEBUG] cheese - admin
[2020-03-07T23:08:30.518] [DEBUG] cheese - null
[2020-03-07T23:08:30.519] [DEBUG] cheese - null
[2020-03-07T23:14:05.047] [DEBUG] cheese - login => username:admin,password:123456
[2020-03-07T23:14:05.047] [DEBUG] cheese - admin
[2020-03-07T23:14:05.050] [DEBUG] cheese - null
[2020-03-07T23:14:05.050] [DEBUG] cheese - null
[2020-03-07T23:21:55.693] [DEBUG] cheese - login => username:aaaa,password:aaaaaaaa
[2020-03-07T23:21:55.693] [DEBUG] cheese - aaaa
[2020-03-07T23:21:55.696] [DEBUG] cheese - null
[2020-03-07T23:21:55.698] [DEBUG] cheese - null
[2020-03-07T23:25:31.987] [DEBUG] cheese - login => username:aaaa,password:aaaaaaa
[2020-03-07T23:25:31.987] [DEBUG] cheese - aaaa
[2020-03-07T23:25:31.990] [DEBUG] cheese - null
[2020-03-07T23:25:31.990] [DEBUG] cheese - null
[2020-03-07T23:25:37.054] [DEBUG] cheese - login => username:aaaa,password:aaaaaaa
[2020-03-07T23:25:37.055] [DEBUG] cheese - aaaa
[2020-03-07T23:25:37.057] [DEBUG] cheese - null
[2020-03-07T23:25:37.057] [DEBUG] cheese - null
[2020-03-07T23:25:37.721] [DEBUG] cheese - login => username:aaaa,password:aaaaaaa
[2020-03-07T23:25:37.721] [DEBUG] cheese - aaaa
[2020-03-07T23:25:37.723] [DEBUG] cheese - null
[2020-03-07T23:25:37.723] [DEBUG] cheese - null
[2020-03-07T23:25:58.456] [DEBUG] cheese - login => username:aaaa,password:aaaaaaa
[2020-03-07T23:25:58.456] [DEBUG] cheese - aaaa
[2020-03-07T23:25:58.459] [DEBUG] cheese - null
[2020-03-07T23:25:58.459] [DEBUG] cheese - null
[2020-03-07T23:26:23.262] [DEBUG] cheese - login => username:aaaa,password:aaaaaaaa
[2020-03-07T23:26:23.262] [DEBUG] cheese - aaaa
[2020-03-07T23:26:23.265] [DEBUG] cheese - null
[2020-03-07T23:26:23.265] [DEBUG] cheese - null
[2020-03-07T23:26:31.123] [DEBUG] cheese - login => username:aaaa,password:aaaaaaaa
[2020-03-07T23:26:31.123] [DEBUG] cheese - aaaa
[2020-03-07T23:26:31.125] [DEBUG] cheese - null
[2020-03-07T23:26:31.125] [DEBUG] cheese - null
[2020-03-07T23:26:50.331] [DEBUG] cheese - login => username:aaaa,password:aaaaaa
[2020-03-07T23:26:50.331] [DEBUG] cheese - aaaa
[2020-03-07T23:26:50.333] [DEBUG] cheese - null
[2020-03-07T23:26:50.334] [DEBUG] cheese - null
[2020-03-07T23:28:09.272] [DEBUG] cheese - login => username:admin,password:123456
[2020-03-07T23:28:09.272] [DEBUG] cheese - admin
[2020-03-07T23:28:09.276] [DEBUG] cheese - null
[2020-03-07T23:28:09.276] [DEBUG] cheese - null
[2020-03-07T23:28:19.888] [DEBUG] cheese - login => username:admin,password:123456
[2020-03-07T23:28:19.888] [DEBUG] cheese - admin
[2020-03-07T23:28:19.892] [DEBUG] cheese - null
[2020-03-07T23:28:19.892] [DEBUG] cheese - null
[2020-03-07T23:50:39.456] [DEBUG] cheese - login => username:aaaa,password:aaaaaaa
[2020-03-07T23:50:39.457] [DEBUG] cheese - aaaa
[2020-03-07T23:50:39.458] [DEBUG] cheese - null
[2020-03-07T23:50:39.459] [DEBUG] cheese - null
[2020-03-07T23:50:40.398] [DEBUG] cheese - login => username:aaaa,password:aaaaaaa
[2020-03-07T23:50:40.398] [DEBUG] cheese - aaaa
[2020-03-07T23:50:40.401] [DEBUG] cheese - null
[2020-03-07T23:50:40.401] [DEBUG] cheese - null
[2020-03-07T23:50:40.769] [DEBUG] cheese - login => username:aaaa,password:aaaaaaa
[2020-03-07T23:50:40.769] [DEBUG] cheese - aaaa
[2020-03-07T23:50:40.772] [DEBUG] cheese - null
[2020-03-07T23:50:40.772] [DEBUG] cheese - null
[2020-03-07T23:50:40.961] [DEBUG] cheese - login => username:aaaa,password:aaaaaaa
[2020-03-07T23:50:40.961] [DEBUG] cheese - aaaa
[2020-03-07T23:50:40.965] [DEBUG] cheese - null
[2020-03-07T23:50:40.965] [DEBUG] cheese - null
[2020-03-07T23:50:41.137] [DEBUG] cheese - login => username:aaaa,password:aaaaaaa
[2020-03-07T23:50:41.137] [DEBUG] cheese - aaaa
[2020-03-07T23:50:41.140] [DEBUG] cheese - null
[2020-03-07T23:50:41.140] [DEBUG] cheese - null
[2020-03-07T23:50:41.524] [DEBUG] cheese - login => username:aaaa,password:aaaaaaa
[2020-03-07T23:50:41.524] [DEBUG] cheese - aaaa
[2020-03-07T23:50:41.527] [DEBUG] cheese - null
[2020-03-07T23:50:41.527] [DEBUG] cheese - null
[2020-03-07T23:50:41.910] [DEBUG] cheese - login => username:aaaa,password:aaaaaaa
[2020-03-07T23:50:41.910] [DEBUG] cheese - aaaa
[2020-03-07T23:50:41.914] [DEBUG] cheese - null
[2020-03-07T23:50:41.914] [DEBUG] cheese - null
[2020-03-07T23:50:42.356] [DEBUG] cheese - login => username:aaaa,password:aaaaaaa
[2020-03-07T23:50:42.356] [DEBUG] cheese - aaaa
[2020-03-07T23:50:42.358] [DEBUG] cheese - null
[2020-03-07T23:50:42.358] [DEBUG] cheese - null
[2020-03-07T23:50:49.208] [DEBUG] cheese - login => username:aaaa,password:aaaaaaa
[2020-03-07T23:50:49.208] [DEBUG] cheese - aaaa
[2020-03-07T23:50:49.209] [DEBUG] cheese - null
[2020-03-07T23:50:49.210] [DEBUG] cheese - null
[2020-03-07T23:50:49.721] [DEBUG] cheese - login => username:aaaa,password:aaaaaaa
[2020-03-07T23:50:49.721] [DEBUG] cheese - aaaa
[2020-03-07T23:50:49.723] [DEBUG] cheese - null
[2020-03-07T23:50:49.723] [DEBUG] cheese - null
[2020-03-07T23:50:50.008] [DEBUG] cheese - login => username:aaaa,password:aaaaaaa
[2020-03-07T23:50:50.008] [DEBUG] cheese - aaaa
[2020-03-07T23:50:50.010] [DEBUG] cheese - null
[2020-03-07T23:50:50.010] [DEBUG] cheese - null
[2020-03-07T23:50:50.205] [DEBUG] cheese - login => username:aaaa,password:aaaaaaa
[2020-03-07T23:50:50.206] [DEBUG] cheese - aaaa
[2020-03-07T23:50:50.207] [DEBUG] cheese - null
[2020-03-07T23:50:50.207] [DEBUG] cheese - null
[2020-03-07T23:50:50.419] [DEBUG] cheese - login => username:aaaa,password:aaaaaaa
[2020-03-07T23:50:50.420] [DEBUG] cheese - aaaa
[2020-03-07T23:50:50.422] [DEBUG] cheese - null
[2020-03-07T23:50:50.422] [DEBUG] cheese - null
[2020-03-07T23:50:50.628] [DEBUG] cheese - login => username:aaaa,password:aaaaaaa
[2020-03-07T23:50:50.628] [DEBUG] cheese - aaaa
[2020-03-07T23:50:50.631] [DEBUG] cheese - null
[2020-03-07T23:50:50.631] [DEBUG] cheese - null
[2020-03-07T23:50:50.867] [DEBUG] cheese - login => username:aaaa,password:aaaaaaa
[2020-03-07T23:50:50.868] [DEBUG] cheese - aaaa
[2020-03-07T23:50:50.871] [DEBUG] cheese - null
[2020-03-07T23:50:50.871] [DEBUG] cheese - null
[2020-03-07T23:50:51.155] [DEBUG] cheese - login => username:aaaa,password:aaaaaaa
[2020-03-07T23:50:51.155] [DEBUG] cheese - aaaa
[2020-03-07T23:50:51.157] [DEBUG] cheese - null
[2020-03-07T23:50:51.157] [DEBUG] cheese - null
[2020-03-07T23:50:51.426] [DEBUG] cheese - login => username:aaaa,password:aaaaaaa
[2020-03-07T23:50:51.426] [DEBUG] cheese - aaaa
[2020-03-07T23:50:51.428] [DEBUG] cheese - null
[2020-03-07T23:50:51.428] [DEBUG] cheese - null
[2020-03-07T23:50:51.664] [DEBUG] cheese - login => username:aaaa,password:aaaaaaa
[2020-03-07T23:50:51.664] [DEBUG] cheese - aaaa
[2020-03-07T23:50:51.667] [DEBUG] cheese - null
[2020-03-07T23:50:51.667] [DEBUG] cheese - null
[2020-03-07T23:50:51.989] [DEBUG] cheese - login => username:aaaa,password:aaaaaaa
[2020-03-07T23:50:51.989] [DEBUG] cheese - aaaa
[2020-03-07T23:50:51.991] [DEBUG] cheese - null
[2020-03-07T23:50:51.991] [DEBUG] cheese - null
[2020-03-07T23:50:52.548] [DEBUG] cheese - login => username:aaaa,password:aaaaaaa
[2020-03-07T23:50:52.548] [DEBUG] cheese - aaaa
[2020-03-07T23:50:52.550] [DEBUG] cheese - null
[2020-03-07T23:50:52.550] [DEBUG] cheese - null
[2020-03-07T23:50:54.302] [DEBUG] cheese - login => username:aaaa,password:aaaaaaa
[2020-03-07T23:50:54.303] [DEBUG] cheese - aaaa
[2020-03-07T23:50:54.305] [DEBUG] cheese - null
[2020-03-07T23:50:54.305] [DEBUG] cheese - null
[2020-03-07T23:50:54.517] [DEBUG] cheese - login => username:aaaa,password:aaaaaaa
[2020-03-07T23:50:54.517] [DEBUG] cheese - aaaa
[2020-03-07T23:50:54.519] [DEBUG] cheese - null
[2020-03-07T23:50:54.519] [DEBUG] cheese - null
[2020-03-07T23:51:24.062] [DEBUG] cheese - login => username:aaaa,password:aasasasa
[2020-03-07T23:51:24.062] [DEBUG] cheese - aaaa
[2020-03-07T23:51:24.063] [DEBUG] cheese - null
[2020-03-07T23:51:24.063] [DEBUG] cheese - null
[2020-03-07T23:52:15.554] [DEBUG] cheese - login => username:admin,password:123456
[2020-03-07T23:52:15.554] [DEBUG] cheese - admin
[2020-03-07T23:52:15.556] [DEBUG] cheese - null
[2020-03-07T23:52:15.556] [DEBUG] cheese - null
[2020-03-07T23:52:41.705] [DEBUG] cheese - login => username:admin,password:123456
[2020-03-07T23:52:41.705] [DEBUG] cheese - admin
[2020-03-07T23:52:41.709] [DEBUG] cheese - null
[2020-03-07T23:52:41.709] [DEBUG] cheese - null
[2020-03-08T12:25:54.562] [DEBUG] cheese - login => username:admin,password:123456
[2020-03-08T12:25:54.562] [DEBUG] cheese - admin
[2020-03-08T12:25:54.567] [DEBUG] cheese - null
[2020-03-08T12:25:54.568] [DEBUG] cheese - null
[2020-03-08T12:30:15.942] [DEBUG] cheese - login => username:admin,password:123456
[2020-03-08T12:30:15.942] [DEBUG] cheese - admin
[2020-03-08T12:30:15.952] [DEBUG] cheese - null
[2020-03-08T12:30:15.952] [DEBUG] cheese - null
[2020-03-08T12:31:49.222] [DEBUG] cheese - login => username:admin,password:123456
[2020-03-08T12:31:49.222] [DEBUG] cheese - admin
[2020-03-08T12:31:49.229] [DEBUG] cheese - null
[2020-03-08T12:31:49.229] [DEBUG] cheese - null
[2020-03-08T12:32:35.458] [DEBUG] cheese - login => username:admin,password:123456
[2020-03-08T12:32:35.458] [DEBUG] cheese - admin
[2020-03-08T12:32:35.466] [DEBUG] cheese - null
[2020-03-08T12:32:35.467] [DEBUG] cheese - null
[2020-03-08T12:40:57.619] [DEBUG] cheese - login => username:admin,password:123456
[2020-03-08T12:40:57.619] [DEBUG] cheese - admin
[2020-03-08T12:40:57.625] [DEBUG] cheese - null
[2020-03-08T12:40:57.625] [DEBUG] cheese - null
[2020-03-08T12:41:39.324] [DEBUG] cheese - login => username:admin,password:123456
[2020-03-08T12:41:39.325] [DEBUG] cheese - admin
[2020-03-08T12:41:39.330] [DEBUG] cheese - null
[2020-03-08T12:41:39.330] [DEBUG] cheese - null
[2020-03-08T12:48:10.504] [DEBUG] cheese - login => username:admin,password:123456
[2020-03-08T12:48:10.504] [DEBUG] cheese - admin
[2020-03-08T12:48:10.508] [DEBUG] cheese - null
[2020-03-08T12:48:10.508] [DEBUG] cheese - null
[2020-03-08T12:48:27.239] [DEBUG] cheese - login => username:admin,password:123456
[2020-03-08T12:48:27.240] [DEBUG] cheese - admin
[2020-03-08T12:48:27.242] [DEBUG] cheese - null
[2020-03-08T12:48:27.242] [DEBUG] cheese - null
[2020-03-08T12:49:08.924] [DEBUG] cheese - login => username:admin,password:123456
[2020-03-08T12:49:08.924] [DEBUG] cheese - admin
[2020-03-08T12:49:08.929] [DEBUG] cheese - null
[2020-03-08T12:49:08.929] [DEBUG] cheese - null
[2020-03-08T12:50:12.322] [DEBUG] cheese - login => username:admin,password:123456
[2020-03-08T12:50:12.322] [DEBUG] cheese - admin
[2020-03-08T12:50:12.327] [DEBUG] cheese - null
[2020-03-08T12:50:12.327] [DEBUG] cheese - null
[2020-03-08T13:15:03.620] [DEBUG] cheese - login => username:admin,password:123456
[2020-03-08T13:15:03.620] [DEBUG] cheese - admin
[2020-03-08T13:15:03.625] [DEBUG] cheese - null
[2020-03-08T13:15:03.625] [DEBUG] cheese - null
[2020-03-08T13:15:07.675] [DEBUG] cheese - login => username:admin,password:123456
[2020-03-08T13:15:07.675] [DEBUG] cheese - admin
[2020-03-08T13:15:07.679] [DEBUG] cheese - null
[2020-03-08T13:15:07.679] [DEBUG] cheese - null
[2020-03-08T13:26:26.850] [DEBUG] cheese - login => username:admin,password:123456
[2020-03-08T13:26:26.850] [DEBUG] cheese - admin
[2020-03-08T13:26:26.853] [DEBUG] cheese - null
[2020-03-08T13:26:26.853] [DEBUG] cheese - null
[2020-03-08T13:30:19.209] [DEBUG] cheese - login => username:admin,password:123456
[2020-03-08T13:30:19.209] [DEBUG] cheese - admin
[2020-03-08T13:30:19.214] [DEBUG] cheese - null
[2020-03-08T13:30:19.215] [DEBUG] cheese - null
[2020-03-08T13:30:23.141] [DEBUG] cheese - login => username:admin,password:123456
[2020-03-08T13:30:23.142] [DEBUG] cheese - admin
[2020-03-08T13:30:23.143] [DEBUG] cheese - null
[2020-03-08T13:30:23.143] [DEBUG] cheese - null
[2020-03-08T13:33:56.824] [DEBUG] cheese - login => username:admin,password:123456
[2020-03-08T13:33:56.824] [DEBUG] cheese - admin
[2020-03-08T13:33:56.827] [DEBUG] cheese - null
[2020-03-08T13:33:56.828] [DEBUG] cheese - null
[2020-03-08T13:34:19.550] [DEBUG] cheese - login => username:admin,password:123456
[2020-03-08T13:34:19.550] [DEBUG] cheese - admin
[2020-03-08T13:34:19.553] [DEBUG] cheese - null
[2020-03-08T13:34:19.553] [DEBUG] cheese - null
[2020-03-08T13:34:30.254] [DEBUG] cheese - login => username:admin,password:123456
[2020-03-08T13:34:30.255] [DEBUG] cheese - admin
[2020-03-08T13:34:30.259] [DEBUG] cheese - null
[2020-03-08T13:34:30.259] [DEBUG] cheese - null
[2020-03-08T13:34:39.695] [DEBUG] cheese - login => username:admin,password:123456
[2020-03-08T13:34:39.695] [DEBUG] cheese - admin
[2020-03-08T13:34:39.697] [DEBUG] cheese - null
[2020-03-08T13:34:39.698] [DEBUG] cheese - null
[2020-03-08T13:34:45.618] [DEBUG] cheese - login => username:admin,password:123456
[2020-03-08T13:34:45.618] [DEBUG] cheese - admin
[2020-03-08T13:34:45.622] [DEBUG] cheese - null
[2020-03-08T13:34:45.622] [DEBUG] cheese - null
[2020-03-08T14:34:23.240] [DEBUG] cheese - login => username:admin,password:123456
[2020-03-08T14:34:23.241] [DEBUG] cheese - admin
[2020-03-08T14:34:23.251] [DEBUG] cheese - null
[2020-03-08T14:34:23.251] [DEBUG] cheese - null
[2020-03-08T14:37:53.331] [DEBUG] cheese - login => username:admin,password:123456
[2020-03-08T14:37:53.331] [DEBUG] cheese - admin
[2020-03-08T14:37:53.336] [DEBUG] cheese - null
[2020-03-08T14:37:53.336] [DEBUG] cheese - null
[2020-03-08T15:05:40.089] [DEBUG] cheese - login => username:admin,password:123456
[2020-03-08T15:05:40.089] [DEBUG] cheese - admin
[2020-03-08T15:05:40.094] [DEBUG] cheese - null
[2020-03-08T15:05:40.094] [DEBUG] cheese - null
[2020-03-08T15:41:34.642] [DEBUG] cheese - login => username:admin,password:123456
[2020-03-08T15:41:34.642] [DEBUG] cheese - admin
[2020-03-08T15:41:34.646] [DEBUG] cheese - null
[2020-03-08T15:41:34.646] [DEBUG] cheese - null
[2020-03-08T16:13:01.539] [DEBUG] cheese - login => username:admin,password:123456
[2020-03-08T16:13:01.539] [DEBUG] cheese - admin
[2020-03-08T16:13:01.542] [DEBUG] cheese - null
[2020-03-08T16:13:01.542] [DEBUG] cheese - null
[2020-03-08T17:01:26.615] [DEBUG] cheese - login => username:admin,password:123456
[2020-03-08T17:01:26.615] [DEBUG] cheese - admin
[2020-03-08T17:01:26.621] [DEBUG] cheese - null
[2020-03-08T17:01:26.622] [DEBUG] cheese - null
[2020-03-08T17:01:30.988] [DEBUG] cheese - login => username:admin,password:123456
[2020-03-08T17:01:30.988] [DEBUG] cheese - admin
[2020-03-08T17:01:30.992] [DEBUG] cheese - null
[2020-03-08T17:01:30.992] [DEBUG] cheese - null
[2020-03-08T17:01:53.969] [DEBUG] cheese - login => username:admin,password:123456
[2020-03-08T17:01:53.970] [DEBUG] cheese - admin
[2020-03-08T17:01:53.974] [DEBUG] cheese - null
[2020-03-08T17:01:53.974] [DEBUG] cheese - null
[2020-03-08T17:07:22.929] [DEBUG] cheese - login => username:admin,password:123456
[2020-03-08T17:07:22.929] [DEBUG] cheese - admin
[2020-03-08T17:07:22.932] [DEBUG] cheese - null
[2020-03-08T17:07:22.932] [DEBUG] cheese - null
[2020-03-08T17:42:39.201] [DEBUG] cheese - login => username:admin,password:123456
[2020-03-08T17:42:39.201] [DEBUG] cheese - admin
[2020-03-08T17:42:39.204] [DEBUG] cheese - null
[2020-03-08T17:42:39.204] [DEBUG] cheese - null
[2020-03-08T17:46:06.669] [DEBUG] cheese - login => username:admin,password:123456
[2020-03-08T17:46:06.670] [DEBUG] cheese - admin
[2020-03-08T17:46:06.671] [DEBUG] cheese - null
[2020-03-08T17:46:06.671] [DEBUG] cheese - null
[2020-03-08T17:48:12.182] [DEBUG] cheese - login => username:admin,password:123456
[2020-03-08T17:48:12.182] [DEBUG] cheese - admin
[2020-03-08T17:48:12.185] [DEBUG] cheese - null
[2020-03-08T17:48:12.185] [DEBUG] cheese - null
[2020-03-08T18:58:06.234] [DEBUG] cheese - login => username:admin,password:123456
[2020-03-08T18:58:06.234] [DEBUG] cheese - admin
[2020-03-08T18:58:06.237] [DEBUG] cheese - null
[2020-03-08T18:58:06.237] [DEBUG] cheese - null
[2020-03-08T20:28:00.732] [DEBUG] cheese - login => username:admin,password:123456
[2020-03-08T20:28:00.732] [DEBUG] cheese - admin
[2020-03-08T20:28:00.738] [DEBUG] cheese - null
[2020-03-08T20:28:00.738] [DEBUG] cheese - null
[2020-03-08T20:37:00.272] [DEBUG] cheese - login => username:admin,password:123456
[2020-03-08T20:37:00.272] [DEBUG] cheese - admin
[2020-03-08T20:37:00.274] [DEBUG] cheese - null
[2020-03-08T20:37:00.274] [DEBUG] cheese - null
[2020-03-08T20:48:20.059] [DEBUG] cheese - login => username:admin,password:123456
[2020-03-08T20:48:20.059] [DEBUG] cheese - admin
[2020-03-08T20:48:20.062] [DEBUG] cheese - null
[2020-03-08T20:48:20.062] [DEBUG] cheese - null
[2020-03-08T20:49:22.176] [DEBUG] cheese - login => username:admin,password:123456
[2020-03-08T20:49:22.176] [DEBUG] cheese - admin
[2020-03-08T20:49:22.181] [DEBUG] cheese - null
[2020-03-08T20:49:22.181] [DEBUG] cheese - null
[2020-03-08T20:49:28.703] [DEBUG] cheese - login => username:admin,password:123456
[2020-03-08T20:49:28.703] [DEBUG] cheese - admin
[2020-03-08T20:49:28.705] [DEBUG] cheese - null
[2020-03-08T20:49:28.705] [DEBUG] cheese - null
[2020-03-08T20:51:59.761] [DEBUG] cheese - login => username:admin,password:123456
[2020-03-08T20:51:59.762] [DEBUG] cheese - admin
[2020-03-08T20:51:59.764] [DEBUG] cheese - null
[2020-03-08T20:51:59.764] [DEBUG] cheese - null
[2020-03-08T21:37:04.722] [DEBUG] cheese - login => username:admin,password:123456
[2020-03-08T21:37:04.723] [DEBUG] cheese - admin
[2020-03-08T21:37:04.724] [DEBUG] cheese - null
[2020-03-08T21:37:04.724] [DEBUG] cheese - null
[2020-03-08T22:59:57.622] [DEBUG] cheese - login => username:admin,password:123456
[2020-03-08T22:59:57.623] [DEBUG] cheese - admin
[2020-03-08T22:59:57.626] [DEBUG] cheese - null
[2020-03-08T22:59:57.626] [DEBUG] cheese - null
[2020-03-09T21:21:07.339] [DEBUG] cheese - login => username:admin,password:123456
[2020-03-09T21:21:07.341] [DEBUG] cheese - admin
[2020-03-09T21:21:07.357] [DEBUG] cheese - null
[2020-03-09T21:21:07.358] [DEBUG] cheese - null
[2020-03-09T21:34:37.030] [DEBUG] cheese - login => username:admin,password:123456
[2020-03-09T21:34:37.030] [DEBUG] cheese - admin
[2020-03-09T21:34:37.033] [DEBUG] cheese - null
[2020-03-09T21:34:37.034] [DEBUG] cheese - null
[2020-03-09T22:00:36.251] [DEBUG] cheese - login => username:admin,password:123456
[2020-03-09T22:00:36.251] [DEBUG] cheese - admin
[2020-03-09T22:00:36.257] [DEBUG] cheese - null
[2020-03-09T22:00:36.258] [DEBUG] cheese - null
[2020-03-09T22:53:11.745] [DEBUG] cheese - login => username:admin,password:123456
[2020-03-09T22:53:11.745] [DEBUG] cheese - admin
[2020-03-09T22:53:11.748] [DEBUG] cheese - null
[2020-03-09T22:53:11.748] [DEBUG] cheese - null
[2020-03-09T23:04:54.186] [DEBUG] cheese - login => username:admin,password:123456
[2020-03-09T23:04:54.186] [DEBUG] cheese - admin
[2020-03-09T23:04:54.189] [DEBUG] cheese - null
[2020-03-09T23:04:54.189] [DEBUG] cheese - null
[2020-03-09T23:09:02.760] [DEBUG] cheese - login => username:admin,password:123456
[2020-03-09T23:09:02.761] [DEBUG] cheese - admin
[2020-03-09T23:09:02.762] [DEBUG] cheese - null
[2020-03-09T23:09:02.763] [DEBUG] cheese - null
[2020-03-09T23:47:01.491] [DEBUG] cheese - login => username:admin,password:123456
[2020-03-09T23:47:01.491] [DEBUG] cheese - admin
[2020-03-09T23:47:01.494] [DEBUG] cheese - null
[2020-03-09T23:47:01.494] [DEBUG] cheese - null
[2020-03-11T15:08:03.475] [DEBUG] cheese - login => username:admin,password:123456
[2020-03-11T15:08:03.477] [DEBUG] cheese - admin
[2020-03-11T15:08:03.490] [DEBUG] cheese - null
[2020-03-11T15:08:03.490] [DEBUG] cheese - null
[2020-03-11T15:46:53.560] [DEBUG] cheese - login => username:admin,password:123456
[2020-03-11T15:46:53.561] [DEBUG] cheese - admin
[2020-03-11T15:46:53.563] [DEBUG] cheese - null
[2020-03-11T15:46:53.563] [DEBUG] cheese - null
[2020-03-11T15:57:33.994] [DEBUG] cheese - login => username:admin,password:123456
[2020-03-11T15:57:33.994] [DEBUG] cheese - admin
[2020-03-11T15:57:33.997] [DEBUG] cheese - null
[2020-03-11T15:57:33.997] [DEBUG] cheese - null
[2020-03-11T16:01:09.611] [DEBUG] cheese - login => username:admin,password:123456
[2020-03-11T16:01:09.611] [DEBUG] cheese - admin
[2020-03-11T16:01:09.613] [DEBUG] cheese - null
[2020-03-11T16:01:09.613] [DEBUG] cheese - null
[2020-03-11T16:02:07.824] [DEBUG] cheese - login => username:admin,password:123456
[2020-03-11T16:02:07.824] [DEBUG] cheese - admin
[2020-03-11T16:02:07.826] [DEBUG] cheese - null
[2020-03-11T16:02:07.826] [DEBUG] cheese - null
[2020-03-11T16:02:20.881] [DEBUG] cheese - login => username:admin,password:123456
[2020-03-11T16:02:20.881] [DEBUG] cheese - admin
[2020-03-11T16:02:20.882] [DEBUG] cheese - null
[2020-03-11T16:02:20.882] [DEBUG] cheese - null
[2020-03-11T16:06:22.622] [DEBUG] cheese - login => username:admin,password:123456
[2020-03-11T16:06:22.622] [DEBUG] cheese - admin
[2020-03-11T16:06:22.625] [DEBUG] cheese - null
[2020-03-11T16:06:22.625] [DEBUG] cheese - null
[2020-03-11T19:33:46.357] [DEBUG] cheese - login => username:admin,password:123456
[2020-03-11T19:33:46.357] [DEBUG] cheese - admin
[2020-03-11T19:33:46.359] [DEBUG] cheese - null
[2020-03-11T19:33:46.359] [DEBUG] cheese - null
[2020-03-11T19:34:07.079] [DEBUG] cheese - login => username:admin,password:123456
[2020-03-11T19:34:07.079] [DEBUG] cheese - admin
[2020-03-11T19:34:07.081] [DEBUG] cheese - null
[2020-03-11T19:34:07.081] [DEBUG] cheese - null
[2020-03-11T19:45:12.728] [DEBUG] cheese - login => username:admin,password:123456
[2020-03-11T19:45:12.728] [DEBUG] cheese - admin
[2020-03-11T19:45:12.729] [DEBUG] cheese - null
[2020-03-11T19:45:12.730] [DEBUG] cheese - null
[2020-03-11T20:43:33.440] [DEBUG] cheese - login => username:admin,password:123456
[2020-03-11T20:43:33.440] [DEBUG] cheese - admin
[2020-03-11T20:43:33.444] [DEBUG] cheese - null
[2020-03-11T20:43:33.445] [DEBUG] cheese - null
[2020-03-11T23:04:30.618] [DEBUG] cheese - login => username:admin,password:123456
[2020-03-11T23:04:30.620] [DEBUG] cheese - admin
[2020-03-11T23:04:30.636] [DEBUG] cheese - null
[2020-03-11T23:04:30.647] [DEBUG] cheese - null
[2020-03-11T23:49:47.568] [DEBUG] cheese - login => username:admin,password:123456
[2020-03-11T23:49:47.569] [DEBUG] cheese - admin
[2020-03-11T23:49:47.607] [DEBUG] cheese - null
[2020-03-11T23:49:47.608] [DEBUG] cheese - null
[2020-03-12T21:23:44.063] [DEBUG] cheese - login => username:admin,password:123456
[2020-03-12T21:23:44.066] [DEBUG] cheese - admin
[2020-03-12T21:23:44.074] [DEBUG] cheese - null
[2020-03-12T21:23:44.074] [DEBUG] cheese - null
[2020-03-13T19:58:20.428] [DEBUG] cheese - login => username:admin,password:123456
[2020-03-13T19:58:20.428] [DEBUG] cheese - admin
[2020-03-13T19:58:20.430] [DEBUG] cheese - null
[2020-03-13T19:58:20.430] [DEBUG] cheese - null
[2020-03-13T21:27:45.772] [DEBUG] cheese - login => username:admin,password:123456
[2020-03-13T21:27:45.773] [DEBUG] cheese - admin
[2020-03-13T21:27:45.785] [DEBUG] cheese - null
[2020-03-13T21:27:45.785] [DEBUG] cheese - null
[2020-03-13T21:28:27.611] [DEBUG] cheese - login => username:admin,password:123456
[2020-03-13T21:28:27.611] [DEBUG] cheese - admin
[2020-03-13T21:28:27.613] [DEBUG] cheese - null
[2020-03-13T21:28:27.613] [DEBUG] cheese - null
[2020-03-13T21:29:13.474] [DEBUG] cheese - login => username:admin,password:123456
[2020-03-13T21:29:13.475] [DEBUG] cheese - admin
[2020-03-13T21:29:13.479] [DEBUG] cheese - null
[2020-03-13T21:29:13.479] [DEBUG] cheese - null
[2020-03-13T22:12:49.162] [DEBUG] cheese - login => username:admin,password:123456
[2020-03-13T22:12:49.163] [DEBUG] cheese - admin
[2020-03-13T22:12:49.165] [DEBUG] cheese - null
[2020-03-13T22:12:49.165] [DEBUG] cheese - null
[2020-03-13T23:06:58.704] [DEBUG] cheese - login => username:admin,password:123456
[2020-03-13T23:06:58.704] [DEBUG] cheese - admin
[2020-03-13T23:06:58.706] [DEBUG] cheese - null
[2020-03-13T23:06:58.706] [DEBUG] cheese - null
[2020-03-14T16:26:27.014] [DEBUG] cheese - login => username:admin,password:123456
[2020-03-14T16:26:27.024] [DEBUG] cheese - admin
[2020-03-14T16:26:27.026] [DEBUG] cheese - null
[2020-03-14T16:26:27.026] [DEBUG] cheese - null
[2020-03-14T17:52:11.126] [DEBUG] cheese - login => username:admin,password:123456
[2020-03-14T17:52:11.136] [DEBUG] cheese - admin
[2020-03-14T17:52:11.138] [DEBUG] cheese - null
[2020-03-14T17:52:11.138] [DEBUG] cheese - null
[2020-03-14T20:49:21.316] [DEBUG] cheese - login => username:admin,password:123456
[2020-03-14T20:49:21.317] [DEBUG] cheese - admin
[2020-03-14T20:49:21.318] [DEBUG] cheese - null
[2020-03-14T20:49:21.318] [DEBUG] cheese - null
[2020-03-14T21:44:06.571] [DEBUG] cheese - login => username:admin,password:123456
[2020-03-14T21:44:06.571] [DEBUG] cheese - admin
[2020-03-14T21:44:06.574] [DEBUG] cheese - null
[2020-03-14T21:44:06.574] [DEBUG] cheese - null
[2020-03-14T22:52:45.928] [DEBUG] cheese - login => username:admin,password:123456
[2020-03-14T22:52:45.928] [DEBUG] cheese - admin
[2020-03-14T22:52:45.931] [DEBUG] cheese - null
[2020-03-14T22:52:45.931] [DEBUG] cheese - null
[2020-03-15T00:14:36.706] [DEBUG] cheese - login => username:admin,password:123456
[2020-03-15T00:14:36.707] [DEBUG] cheese - admin
[2020-03-15T00:14:36.719] [DEBUG] cheese - null
[2020-03-15T00:14:36.719] [DEBUG] cheese - null
[2020-03-15T15:43:12.340] [DEBUG] cheese - login => username:admin,password:123456
[2020-03-15T15:43:12.340] [DEBUG] cheese - admin
[2020-03-15T15:43:12.353] [DEBUG] cheese - null
[2020-03-15T15:43:12.353] [DEBUG] cheese - null
[2020-03-15T15:57:16.191] [DEBUG] cheese - null
[2020-03-15T15:57:20.063] [DEBUG] cheese - null
[2020-03-15T15:58:11.413] [DEBUG] cheese - null
[2020-03-15T15:58:46.188] [DEBUG] cheese - null
[2020-03-15T15:59:03.877] [DEBUG] cheese - null
[2020-03-15T16:01:17.367] [DEBUG] cheese - null
[2020-03-15T16:05:25.861] [DEBUG] cheese - null
[2020-03-15T16:05:40.453] [DEBUG] cheese - null
[2020-03-15T16:05:49.557] [DEBUG] cheese - null
[2020-03-15T16:15:41.144] [DEBUG] cheese - null
[2020-03-15T16:31:32.989] [DEBUG] cheese - null
[2020-03-15T16:31:40.729] [DEBUG] cheese - null
[2020-03-15T16:50:24.024] [DEBUG] cheese - null
[2020-03-15T16:52:49.068] [DEBUG] cheese - null
[2020-03-15T16:54:24.454] [DEBUG] cheese - null
[2020-03-15T16:55:15.023] [DEBUG] cheese - null
[2020-03-15T16:55:18.526] [DEBUG] cheese - null
[2020-03-15T16:56:14.750] [DEBUG] cheese - null
[2020-03-15T20:49:59.461] [DEBUG] cheese - login => username:admin,password:123456
[2020-03-15T20:49:59.463] [DEBUG] cheese - admin
[2020-03-15T20:49:59.479] [DEBUG] cheese - null
[2020-03-15T20:49:59.480] [DEBUG] cheese - null
[2020-03-16T18:46:05.629] [DEBUG] cheese - login => username:admin,password:123456
[2020-03-16T18:46:05.632] [DEBUG] cheese - admin
[2020-03-16T18:46:05.635] [DEBUG] cheese - null
[2020-03-16T18:46:05.636] [DEBUG] cheese - null
[2020-03-16T19:51:52.694] [DEBUG] cheese - login => username:admin,password:123456
[2020-03-16T19:51:52.694] [DEBUG] cheese - admin
[2020-03-16T19:51:52.696] [DEBUG] cheese - null
[2020-03-16T19:51:52.696] [DEBUG] cheese - null
[2020-03-16T19:52:25.135] [DEBUG] cheese - login => username:admin,password:123456
[2020-03-16T19:52:25.135] [DEBUG] cheese - admin
[2020-03-16T19:52:25.136] [DEBUG] cheese - null
[2020-03-16T19:52:25.136] [DEBUG] cheese - null
[2020-03-16T19:53:13.294] [DEBUG] cheese - login => username:admin,password:123456
[2020-03-16T19:53:13.294] [DEBUG] cheese - admin
[2020-03-16T19:53:13.296] [DEBUG] cheese - null
[2020-03-16T19:53:13.296] [DEBUG] cheese - null
[2020-03-16T19:57:10.702] [DEBUG] cheese - login => username:admin,password:123456
[2020-03-16T19:57:10.702] [DEBUG] cheese - admin
[2020-03-16T19:57:10.704] [DEBUG] cheese - null
[2020-03-16T19:57:10.704] [DEBUG] cheese - null
[2020-03-16T22:35:53.981] [DEBUG] cheese - null
[2020-03-16T22:36:50.938] [DEBUG] cheese - null
[2020-03-16T22:37:54.588] [DEBUG] cheese - null
[2020-03-16T22:38:01.003] [DEBUG] cheese - null
[2020-03-16T22:39:07.181] [DEBUG] cheese - null
[2020-03-16T22:50:13.057] [DEBUG] cheese - null
[2020-03-16T22:55:11.744] [DEBUG] cheese - null
[2020-03-16T23:01:31.584] [DEBUG] cheese - null
[2020-03-16T23:28:33.554] [DEBUG] cheese - login => username:admin,password:123456
[2020-03-16T23:28:33.555] [DEBUG] cheese - admin
[2020-03-16T23:28:33.559] [DEBUG] cheese - null
[2020-03-16T23:28:33.559] [DEBUG] cheese - null
[2020-03-16T23:44:42.989] [DEBUG] cheese - null
[2020-03-16T23:46:11.766] [DEBUG] cheese - login => username:admin,password:123456
[2020-03-16T23:46:11.768] [DEBUG] cheese - admin
[2020-03-16T23:46:11.777] [DEBUG] cheese - null
[2020-03-16T23:46:11.777] [DEBUG] cheese - null
[2020-03-16T23:47:33.166] [DEBUG] cheese - null
[2020-03-17T11:45:52.446] [DEBUG] cheese - login => username:admin,password:123456
[2020-03-17T11:45:52.448] [DEBUG] cheese - admin
[2020-03-17T11:45:52.482] [DEBUG] cheese - null
[2020-03-17T11:45:52.483] [DEBUG] cheese - null
[2020-03-17T23:20:23.045] [DEBUG] cheese - login => username:admin,password:123456
[2020-03-17T23:20:23.045] [DEBUG] cheese - admin
[2020-03-17T23:20:23.047] [DEBUG] cheese - null
[2020-03-17T23:20:23.047] [DEBUG] cheese - null
[2020-03-17T23:58:36.329] [DEBUG] cheese - login => username:admin,password:123456
[2020-03-17T23:58:36.334] [DEBUG] cheese - admin
[2020-03-17T23:58:36.345] [DEBUG] cheese - null
[2020-03-17T23:58:36.346] [DEBUG] cheese - null
